<?xml version="1.0" encoding="UTF-8"?>
<!-- Generated by org.testng.reporters.JUnitReportReporter -->
<testsuite hostname="HCAH-L-PF19KTHT" failures="0" tests="3" name="CAS_API.Patient_Details.Patient_Login_TCs.TC_PatientLogin_Invalid_Auth_Info" time="1.898" errors="0" timestamp="2021-03-02T18:49:51 IST" skipped="0">
  <testcase classname="CAS_API.Patient_Details.Patient_Login_TCs.TC_PatientLogin_Invalid_Auth_Info" name="patientLogin_CheckResponseWithInvalidAuth_InvalidPayload" time="0.681"/>
  <system-out/>
  <testcase classname="CAS_API.Patient_Details.Patient_Login_TCs.TC_PatientLogin_Invalid_Auth_Info" name="patientLogin_CheckResponseWithNoAuth_ValidPayload" time="0.606"/>
  <system-out/>
  <testcase classname="CAS_API.Patient_Details.Patient_Login_TCs.TC_PatientLogin_Invalid_Auth_Info" name="patientLogin_CheckResponseWithInvalidAuth_ValidPayload" time="0.611"/>
  <system-out/>
</testsuite> <!-- CAS_API.Patient_Details.Patient_Login_TCs.TC_PatientLogin_Invalid_Auth_Info -->
