<?xml version="1.0" encoding="UTF-8"?>
<!-- Generated by org.testng.reporters.JUnitReportReporter -->
<testsuite hostname="HCAH-L-PF19KTHT" failures="0" tests="2" name="CAS_API.Patient_Details.Patient_Profile_TCs.TC_GetPatientProfile_Invalid_Info" time="1.501" errors="0" timestamp="2021-03-02T18:49:51 IST" skipped="0">
  <testcase classname="CAS_API.Patient_Details.Patient_Profile_TCs.TC_GetPatientProfile_Invalid_Info" name="getPatientProfile_CheckResponseWithInvalidAuth" time="0.787"/>
  <system-out/>
  <testcase classname="CAS_API.Patient_Details.Patient_Profile_TCs.TC_GetPatientProfile_Invalid_Info" name="getPatientProfile_CheckResponseWithNoAuth" time="0.714"/>
  <system-out/>
</testsuite> <!-- CAS_API.Patient_Details.Patient_Profile_TCs.TC_GetPatientProfile_Invalid_Info -->
