<?xml version="1.0" encoding="UTF-8"?>
<!-- Generated by org.testng.reporters.JUnitReportReporter -->
<testsuite hostname="HCAH-L-PF19KTHT" failures="0" tests="3" name="CAS_API.Patient_Details.ProfilePicture_TCs.TC_ProfilePicture_Valid_Info" time="4.142" errors="0" timestamp="2021-03-01T00:57:17 IST" skipped="0">
  <testcase classname="CAS_API.Patient_Details.ProfilePicture_TCs.TC_ProfilePicture_Valid_Info" name="UploadProfilePicture_CheckResponseWithValidAuth_JPEGImage" time="2.528"/>
  <system-out/>
  <testcase classname="CAS_API.Patient_Details.ProfilePicture_TCs.TC_ProfilePicture_Valid_Info" name="UploadProfilePicture_CheckResponseWithValidAuth_PNGImage" time="0.640"/>
  <system-out/>
  <testcase classname="CAS_API.Patient_Details.ProfilePicture_TCs.TC_ProfilePicture_Valid_Info" name="UploadProfilePicture_CheckResponseWithValidAuth_InvalidPDFFile" time="0.974"/>
  <system-out/>
</testsuite> <!-- CAS_API.Patient_Details.ProfilePicture_TCs.TC_ProfilePicture_Valid_Info -->
