<?xml version="1.0" encoding="UTF-8"?>
<!-- Generated by org.testng.reporters.JUnitReportReporter -->
<testsuite hostname="HCAH-L-PF19KTHT" failures="0" tests="2" name="CAS_API.Program_Enrollment.EnrollmentSection_TCs.TC_EnrollmentSection_Valid_Auth_Info" time="1.432" errors="0" timestamp="2021-03-02T18:49:51 IST" skipped="0">
  <testcase classname="CAS_API.Program_Enrollment.EnrollmentSection_TCs.TC_EnrollmentSection_Valid_Auth_Info" name="EnrollmentSection_CheckResponseWithValidAuth_With_400_BadRequest" time="0.619"/>
  <system-out/>
  <testcase classname="CAS_API.Program_Enrollment.EnrollmentSection_TCs.TC_EnrollmentSection_Valid_Auth_Info" name="EnrollmentSection_CheckResponseWithValidAuth" time="0.813"/>
  <system-out/>
</testsuite> <!-- CAS_API.Program_Enrollment.EnrollmentSection_TCs.TC_EnrollmentSection_Valid_Auth_Info -->
