<?xml version="1.0" encoding="UTF-8"?>
<!-- Generated by org.testng.reporters.JUnitReportReporter -->
<testsuite hostname="HCAH-L-PF19KTHT" failures="0" tests="1" name="CAS_API.States_TCs.TC_States_Valid_Info" time="3.165" errors="0" timestamp="2021-02-28T20:39:50 IST" skipped="0">
  <testcase classname="CAS_API.States_TCs.TC_States_Valid_Info" name="CheckResponseWithValidAuth" time="3.165"/>
  <system-out/>
</testsuite> <!-- CAS_API.States_TCs.TC_States_Valid_Info -->
