<?xml version="1.0" encoding="UTF-8"?>
<!-- Generated by org.testng.reporters.JUnitReportReporter -->
<testsuite hostname="HCAH-L-PF19KTHT" failures="0" tests="2" name="CAS_API.Program_Enrollment.SubmitAnswers_TCs.TC_Enrollment_Submit_Answers_NoAuth_Info" time="3.787" errors="0" timestamp="2021-02-25T19:59:04 IST" skipped="0">
  <testcase classname="CAS_API.Program_Enrollment.SubmitAnswers_TCs.TC_Enrollment_Submit_Answers_NoAuth_Info" name="Enrollment_Submit_Answers_With_Invalid_Auth_Valid_Payload" time="0.762"/>
  <system-out/>
  <testcase classname="CAS_API.Program_Enrollment.SubmitAnswers_TCs.TC_Enrollment_Submit_Answers_NoAuth_Info" name="Enrollment_Submit_Answers_With_Invalid_Auth_Invalid_Payload" time="3.025"/>
  <system-out/>
</testsuite> <!-- CAS_API.Program_Enrollment.SubmitAnswers_TCs.TC_Enrollment_Submit_Answers_NoAuth_Info -->
