<?xml version="1.0" encoding="UTF-8"?>
<!-- Generated by org.testng.reporters.JUnitReportReporter -->
<testsuite hostname="HCAH-L-PF19KTHT" failures="0" tests="3" name="CAS_API.Program_Enrollment.SectionQuestions_TCs.TC_EnrollmentQuestionSection_InvalidAuth_Info" time="1.843" errors="0" timestamp="2021-03-02T18:49:51 IST" skipped="0">
  <testcase classname="CAS_API.Program_Enrollment.SectionQuestions_TCs.TC_EnrollmentQuestionSection_InvalidAuth_Info" name="checkStatusCode" time="0.507"/>
  <system-out/>
  <testcase classname="CAS_API.Program_Enrollment.SectionQuestions_TCs.TC_EnrollmentQuestionSection_InvalidAuth_Info" name="EnrollmentQuestionSection_CheckResponseWithNoAuth" time="0.719"/>
  <system-out/>
  <testcase classname="CAS_API.Program_Enrollment.SectionQuestions_TCs.TC_EnrollmentQuestionSection_InvalidAuth_Info" name="EnrollmentQuestionSection_CheckResponseWithInvalidAuth" time="0.617"/>
  <system-out/>
</testsuite> <!-- CAS_API.Program_Enrollment.SectionQuestions_TCs.TC_EnrollmentQuestionSection_InvalidAuth_Info -->
