<?xml version="1.0" encoding="UTF-8"?>
<!-- Generated by org.testng.reporters.JUnitReportReporter -->
<testsuite hostname="HCAH-L-PF19KTHT" failures="0" tests="2" name="CAS_API.Home.TC_Home_Invalid_Auth_Info" time="1.485" errors="0" timestamp="2021-03-02T18:49:51 IST" skipped="0">
  <testcase classname="CAS_API.Home.TC_Home_Invalid_Auth_Info" name="GetHome_CheckResponseWithInvalidAuth" time="0.777"/>
  <system-out/>
  <testcase classname="CAS_API.Home.TC_Home_Invalid_Auth_Info" name="GetHome_CheckResponseWithNoAuth" time="0.708"/>
  <system-out/>
</testsuite> <!-- CAS_API.Home.TC_Home_Invalid_Auth_Info -->
