<?xml version="1.0" encoding="UTF-8"?>
<!-- Generated by org.testng.reporters.JUnitReportReporter -->
<testsuite hostname="HCAH-L-PF19KTHT" failures="0" tests="3" name="CAS_API.Program_Enrollment.EnrollmentSection_TCs.TC_EnrollmentQuestionSection_NoAuth_Info" time="3.947" errors="0" timestamp="2021-02-25T13:59:39 IST" skipped="0">
  <testcase classname="CAS_API.Program_Enrollment.EnrollmentSection_TCs.TC_EnrollmentQuestionSection_NoAuth_Info" name="checkResponseTags" time="0.997"/>
  <system-out/>
  <testcase classname="CAS_API.Program_Enrollment.EnrollmentSection_TCs.TC_EnrollmentQuestionSection_NoAuth_Info" name="checkStatusCode" time="0.710"/>
  <system-out/>
  <testcase classname="CAS_API.Program_Enrollment.EnrollmentSection_TCs.TC_EnrollmentQuestionSection_NoAuth_Info" name="checkResponseHeaders" time="2.240"/>
  <system-out/>
</testsuite> <!-- CAS_API.Program_Enrollment.EnrollmentSection_TCs.TC_EnrollmentQuestionSection_NoAuth_Info -->
