<?xml version="1.0" encoding="UTF-8"?>
<!-- Generated by org.testng.reporters.JUnitReportReporter -->
<testsuite hostname="HCAH-L-PF19KTHT" failures="0" tests="2" name="CAS_API.Program_Enrollment.SubmitAnswers_TCs.TC_Enrollment_Submit_Answers_Valid_Auth_Info" time="1.741" errors="0" timestamp="2021-03-02T18:49:51 IST" skipped="0">
  <testcase classname="CAS_API.Program_Enrollment.SubmitAnswers_TCs.TC_Enrollment_Submit_Answers_Valid_Auth_Info" name="Enrollment_Submit_Answers_With_Valid_Auth_Valid_Payload" time="0.861"/>
  <system-out/>
  <testcase classname="CAS_API.Program_Enrollment.SubmitAnswers_TCs.TC_Enrollment_Submit_Answers_Valid_Auth_Info" name="Enrollment_Submit_Answers_With_Valid_Auth_Empty_Payload" time="0.880"/>
  <system-out/>
</testsuite> <!-- CAS_API.Program_Enrollment.SubmitAnswers_TCs.TC_Enrollment_Submit_Answers_Valid_Auth_Info -->
