<?xml version="1.0" encoding="UTF-8"?>
<!-- Generated by org.testng.reporters.JUnitReportReporter -->
<testsuite hostname="HCAH-L-PF19KTHT" failures="0" tests="2" name="CAS_API.Patient_Details.Patient_Complete_Profile_TCs.TC_Patient_Complete_Profile_Valid_Auth_And_Data_Info" time="2.482" errors="0" timestamp="2021-03-02T18:49:51 IST" skipped="0">
  <testcase classname="CAS_API.Patient_Details.Patient_Complete_Profile_TCs.TC_Patient_Complete_Profile_Valid_Auth_And_Data_Info" name="postPatientCompleteProfile_CheckResponseWithValidAuth_InValidPayload" time="0.729"/>
  <system-out/>
  <testcase classname="CAS_API.Patient_Details.Patient_Complete_Profile_TCs.TC_Patient_Complete_Profile_Valid_Auth_And_Data_Info" name="postPatientCompleteProfile_CheckResponseWithValidAuth_ValidPayload" time="1.753"/>
  <system-out/>
</testsuite> <!-- CAS_API.Patient_Details.Patient_Complete_Profile_TCs.TC_Patient_Complete_Profile_Valid_Auth_And_Data_Info -->
