<?xml version="1.0" encoding="UTF-8"?>
<!-- Generated by org.testng.reporters.JUnitReportReporter -->
<testsuite hostname="HCAH-L-PF19KTHT" failures="0" tests="3" name="CAS_API.Program_Enrollment.DismissCard_TCs.TC_EmrollmentDismissCard_NoAuth_Info" time="2.519" errors="0" timestamp="2021-02-25T16:20:27 IST" skipped="0">
  <testcase classname="CAS_API.Program_Enrollment.DismissCard_TCs.TC_EmrollmentDismissCard_NoAuth_Info" name="checkResponseHeaders" time="1.414"/>
  <system-out/>
  <testcase classname="CAS_API.Program_Enrollment.DismissCard_TCs.TC_EmrollmentDismissCard_NoAuth_Info" name="checkResponseTags" time="0.726"/>
  <system-out/>
  <testcase classname="CAS_API.Program_Enrollment.DismissCard_TCs.TC_EmrollmentDismissCard_NoAuth_Info" name="checkStatusCode" time="0.379"/>
  <system-out/>
</testsuite> <!-- CAS_API.Program_Enrollment.DismissCard_TCs.TC_EmrollmentDismissCard_NoAuth_Info -->
