<?xml version="1.0" encoding="UTF-8"?>
<!-- Generated by org.testng.reporters.JUnitReportReporter -->
<testsuite hostname="HCAH-L-PF19KTHT" failures="0" tests="4" name="CAS_API.Program_Enrollment.EnrollmentSection_TCs.TC_EnrollmentSection_Valid_Auth_With_400_BadRequest_Info" time="4.746" errors="0" timestamp="2021-02-25T17:55:20 IST" skipped="0">
  <testcase classname="CAS_API.Program_Enrollment.EnrollmentSection_TCs.TC_EnrollmentSection_Valid_Auth_With_400_BadRequest_Info" name="checkResponseKeys" time="0.699"/>
  <system-out/>
  <testcase classname="CAS_API.Program_Enrollment.EnrollmentSection_TCs.TC_EnrollmentSection_Valid_Auth_With_400_BadRequest_Info" name="checkStatusCode" time="0.663"/>
  <system-out/>
  <testcase classname="CAS_API.Program_Enrollment.EnrollmentSection_TCs.TC_EnrollmentSection_Valid_Auth_With_400_BadRequest_Info" name="checkResponseHeaders" time="2.153"/>
  <system-out/>
  <testcase classname="CAS_API.Program_Enrollment.EnrollmentSection_TCs.TC_EnrollmentSection_Valid_Auth_With_400_BadRequest_Info" name="checkResponseTagsValidation" time="1.231"/>
  <system-out/>
</testsuite> <!-- CAS_API.Program_Enrollment.EnrollmentSection_TCs.TC_EnrollmentSection_Valid_Auth_With_400_BadRequest_Info -->
