<?xml version="1.0" encoding="UTF-8"?>
<!-- Generated by org.testng.reporters.JUnitReportReporter -->
<testsuite hostname="HCAH-L-PF19KTHT" failures="0" tests="2" name="CAS_API.Program_Enrollment.DismissCard_TCs.TC_EnrollmentDismissCard_Valid_Auth_Info" time="1.858" errors="0" timestamp="2021-03-02T18:49:51 IST" skipped="0">
  <testcase classname="CAS_API.Program_Enrollment.DismissCard_TCs.TC_EnrollmentDismissCard_Valid_Auth_Info" name="EnrollmentDismissCard_CheckResponseWithValidAuth_WithEnrollementInfo" time="0.855"/>
  <system-out/>
  <testcase classname="CAS_API.Program_Enrollment.DismissCard_TCs.TC_EnrollmentDismissCard_Valid_Auth_Info" name="EnrollmentDismissCard_CheckResponseWithValidAuth_WithoutEnrollementInfo" time="1.003"/>
  <system-out/>
</testsuite> <!-- CAS_API.Program_Enrollment.DismissCard_TCs.TC_EnrollmentDismissCard_Valid_Auth_Info -->
