<?xml version="1.0" encoding="UTF-8"?>
<!-- Generated by org.testng.reporters.JUnitReportReporter -->
<testsuite hostname="HCAH-L-PF19KTHT" failures="0" tests="3" name="CAS_API.Patient_Details.ProfilePicture_TCs.TC_ProfilePicture_Valid_Auth_Info" time="3.827" errors="0" timestamp="2021-03-02T18:49:51 IST" skipped="0">
  <testcase classname="CAS_API.Patient_Details.ProfilePicture_TCs.TC_ProfilePicture_Valid_Auth_Info" name="UploadProfilePicture_CheckResponseWithValidAuth_JPEGImage" time="1.952"/>
  <system-out/>
  <testcase classname="CAS_API.Patient_Details.ProfilePicture_TCs.TC_ProfilePicture_Valid_Auth_Info" name="UploadProfilePicture_CheckResponseWithValidAuth_PNGImage" time="1.308"/>
  <system-out/>
  <testcase classname="CAS_API.Patient_Details.ProfilePicture_TCs.TC_ProfilePicture_Valid_Auth_Info" name="UploadProfilePicture_CheckResponseWithValidAuth_InvalidPDFFile" time="0.567"/>
  <system-out/>
</testsuite> <!-- CAS_API.Patient_Details.ProfilePicture_TCs.TC_ProfilePicture_Valid_Auth_Info -->
