<?xml version="1.0" encoding="UTF-8"?>
<!-- Generated by org.testng.reporters.JUnitReportReporter -->
<testsuite hostname="HCAH-L-PF19KTHT" failures="0" tests="3" name="CAS_API.States_TCs.TC_States_Invalid_NoAuth_Info" time="4.323" errors="0" timestamp="2021-02-26T16:45:11 IST" skipped="0">
  <testcase classname="CAS_API.States_TCs.TC_States_Invalid_NoAuth_Info" name="checkStatusCode" time="1.006"/>
  <system-out/>
  <testcase classname="CAS_API.States_TCs.TC_States_Invalid_NoAuth_Info" name="checkResponseTags" time="1.415"/>
  <system-out/>
  <testcase classname="CAS_API.States_TCs.TC_States_Invalid_NoAuth_Info" name="checkResponseHeaders" time="1.902"/>
  <system-out/>
</testsuite> <!-- CAS_API.States_TCs.TC_States_Invalid_NoAuth_Info -->
