<?xml version="1.0" encoding="UTF-8"?>
<!-- Generated by org.testng.reporters.JUnitReportReporter -->
<testsuite hostname="HCAH-L-PF19KTHT" failures="0" tests="2" name="CAS_API.CaretakerRelations_TCs.TC_CareTaker_Invalid_Auth_Info" time="1.295" errors="0" timestamp="2021-03-02T18:49:51 IST" skipped="0">
  <testcase classname="CAS_API.CaretakerRelations_TCs.TC_CareTaker_Invalid_Auth_Info" name="CheckCareTakerResponseWithInvalidAuth" time="0.650"/>
  <system-out/>
  <testcase classname="CAS_API.CaretakerRelations_TCs.TC_CareTaker_Invalid_Auth_Info" name="CheckCareTakerResponseWithMissingAuth" time="0.645"/>
  <system-out/>
</testsuite> <!-- CAS_API.CaretakerRelations_TCs.TC_CareTaker_Invalid_Auth_Info -->
