<?xml version="1.0" encoding="UTF-8"?>
<!-- Generated by org.testng.reporters.JUnitReportReporter -->
<testsuite hostname="HCAH-L-PF19KTHT" failures="0" tests="2" name="CAS_API.Program_Enrollment.DismissCard_TCs.TC_EnrollmentDismissCard_NoAuth_Info" time="2.930" errors="0" timestamp="2021-03-01T01:04:28 IST" skipped="0">
  <testcase classname="CAS_API.Program_Enrollment.DismissCard_TCs.TC_EnrollmentDismissCard_NoAuth_Info" name="EnrollmentDismissCard_CheckResponseWithInvalidAuth" time="2.498"/>
  <system-out/>
  <testcase classname="CAS_API.Program_Enrollment.DismissCard_TCs.TC_EnrollmentDismissCard_NoAuth_Info" name="EnrollmentDismissCard_CheckResponseWithNoAuth" time="0.432"/>
  <system-out/>
</testsuite> <!-- CAS_API.Program_Enrollment.DismissCard_TCs.TC_EnrollmentDismissCard_NoAuth_Info -->
