<?xml version="1.0" encoding="UTF-8"?>
<!-- Generated by org.testng.reporters.JUnitReportReporter -->
<testsuite hostname="HCAH-L-PF19KTHT" failures="0" tests="3" name="CAS_API.Learning_Content_TCs.TC_Learning_Content_Invalid_Auth_Info" time="2.158" errors="0" timestamp="2021-03-02T18:49:51 IST" skipped="0">
  <testcase classname="CAS_API.Learning_Content_TCs.TC_Learning_Content_Invalid_Auth_Info" name="CreateLearningContentCheckResponseWithNoAuth_ValidPayload" time="0.720"/>
  <system-out/>
  <testcase classname="CAS_API.Learning_Content_TCs.TC_Learning_Content_Invalid_Auth_Info" name="CreateLearningContentCheckResponseWithInvalidAuth_EmptyPayload" time="0.733"/>
  <system-out/>
  <testcase classname="CAS_API.Learning_Content_TCs.TC_Learning_Content_Invalid_Auth_Info" name="CreateLearningContentCheckResponseWithInvalidAuth_ValidPayload" time="0.705"/>
  <system-out/>
</testsuite> <!-- CAS_API.Learning_Content_TCs.TC_Learning_Content_Invalid_Auth_Info -->
