<?xml version="1.0" encoding="UTF-8"?>
<!-- Generated by org.testng.reporters.JUnitReportReporter -->
<testsuite hostname="HCAH-L-PF19KTHT" failures="0" tests="2" name="CAS_API.States_TCs.TC_States_Invalid_Auth_Info" time="1.298" errors="0" timestamp="2021-03-02T18:49:51 IST" skipped="0">
  <testcase classname="CAS_API.States_TCs.TC_States_Invalid_Auth_Info" name="CheckStatesResponseWithInvalidAuth" time="0.655"/>
  <system-out/>
  <testcase classname="CAS_API.States_TCs.TC_States_Invalid_Auth_Info" name="CheckStatesResponseWithMissingAuth" time="0.643"/>
  <system-out/>
</testsuite> <!-- CAS_API.States_TCs.TC_States_Invalid_Auth_Info -->
