<?xml version="1.0" encoding="UTF-8"?>
<!-- Generated by org.testng.reporters.JUnitReportReporter -->
<testsuite hostname="HCAH-L-PF19KTHT" failures="0" tests="5" name="CAS_API.Patient_Details.ProfilePicture_TCs.TC_ProfilePicture_Valid_Auth_Missing_Picture_Info" time="2.410" errors="0" timestamp="2021-02-25T09:39:26 IST" skipped="0">
  <testcase classname="CAS_API.Patient_Details.ProfilePicture_TCs.TC_ProfilePicture_Valid_Auth_Missing_Picture_Info" name="checkResponseTagsValidation" time="0.509"/>
  <system-out/>
  <testcase classname="CAS_API.Patient_Details.ProfilePicture_TCs.TC_ProfilePicture_Valid_Auth_Missing_Picture_Info" name="checkStatusCode" time="0.462"/>
  <system-out/>
  <testcase classname="CAS_API.Patient_Details.ProfilePicture_TCs.TC_ProfilePicture_Valid_Auth_Missing_Picture_Info" name="checkResponseHeaders" time="0.498"/>
  <system-out/>
  <testcase classname="CAS_API.Patient_Details.ProfilePicture_TCs.TC_ProfilePicture_Valid_Auth_Missing_Picture_Info" name="checkResponseKeys" time="0.442"/>
  <system-out/>
  <testcase classname="CAS_API.Patient_Details.ProfilePicture_TCs.TC_ProfilePicture_Valid_Auth_Missing_Picture_Info" name="checkResponseWithoutProfilePic" time="0.499"/>
  <system-out/>
</testsuite> <!-- CAS_API.Patient_Details.ProfilePicture_TCs.TC_ProfilePicture_Valid_Auth_Missing_Picture_Info -->
