<?xml version="1.0" encoding="UTF-8"?>
<!-- Generated by org.testng.reporters.JUnitReportReporter -->
<testsuite hostname="HCAH-L-PF19KTHT" failures="0" tests="3" name="CAS_API.Program_Enrollment.SubmitAnswers_TCs.TC_Enrollment_Submit_Answers_InvalidAuth_Info" time="2.046" errors="0" timestamp="2021-03-02T18:49:51 IST" skipped="0">
  <testcase classname="CAS_API.Program_Enrollment.SubmitAnswers_TCs.TC_Enrollment_Submit_Answers_InvalidAuth_Info" name="Enrollment_Submit_Answers_With_Invalid_Auth_Invalid_Payload" time="0.628"/>
  <system-out/>
  <testcase classname="CAS_API.Program_Enrollment.SubmitAnswers_TCs.TC_Enrollment_Submit_Answers_InvalidAuth_Info" name="Enrollment_Submit_Answers_With_Invalid_Auth_Valid_Payload" time="0.807"/>
  <system-out/>
  <testcase classname="CAS_API.Program_Enrollment.SubmitAnswers_TCs.TC_Enrollment_Submit_Answers_InvalidAuth_Info" name="Enrollment_Submit_Answers_With_No_Auth_Valid_Payload" time="0.611"/>
  <system-out/>
</testsuite> <!-- CAS_API.Program_Enrollment.SubmitAnswers_TCs.TC_Enrollment_Submit_Answers_InvalidAuth_Info -->
