<?xml version="1.0" encoding="UTF-8"?>
<!-- Generated by org.testng.reporters.JUnitReportReporter -->
<testsuite hostname="HCAH-L-PF19KTHT" failures="0" tests="3" name="CAS_API.Patient_Details.Patient_Login_TCs.TC_PatientLogin_Valid_Auth_Invalid_Data_Info" time="2.553" errors="0" timestamp="2021-02-25T09:39:26 IST" skipped="0">
  <testcase classname="CAS_API.Patient_Details.Patient_Login_TCs.TC_PatientLogin_Valid_Auth_Invalid_Data_Info" name="patientLoginWithInvalidPayload_Missing_DeviceInfo" time="0.748"/>
  <system-out/>
  <testcase classname="CAS_API.Patient_Details.Patient_Login_TCs.TC_PatientLogin_Valid_Auth_Invalid_Data_Info" name="patientLoginWithInvalidPayload_Missing_ProgramID" time="1.019"/>
  <system-out/>
  <testcase classname="CAS_API.Patient_Details.Patient_Login_TCs.TC_PatientLogin_Valid_Auth_Invalid_Data_Info" name="patientLoginWithInvalidPayload_Invalid_ProgramID" time="0.786"/>
  <system-out/>
</testsuite> <!-- CAS_API.Patient_Details.Patient_Login_TCs.TC_PatientLogin_Valid_Auth_Invalid_Data_Info -->
