<?xml version="1.0" encoding="UTF-8"?>
<!-- Generated by org.testng.reporters.JUnitReportReporter -->
<testsuite hostname="HCAH-L-PF19KTHT" failures="0" tests="2" name="CAS_API.KPP.Update_Tracking_TCs.TC_KPP_Update_Tracking_Invalid_Auth_Info" time="1.398" errors="0" timestamp="2021-03-02T18:49:51 IST" skipped="0">
  <testcase classname="CAS_API.KPP.Update_Tracking_TCs.TC_KPP_Update_Tracking_Invalid_Auth_Info" name="CheckKPPUpdateTrackingResponseWithInvalidAuth" time="0.687"/>
  <system-out/>
  <testcase classname="CAS_API.KPP.Update_Tracking_TCs.TC_KPP_Update_Tracking_Invalid_Auth_Info" name="CheckKPPUpdateTrackingResponseWithMissingAuth" time="0.711"/>
  <system-out/>
</testsuite> <!-- CAS_API.KPP.Update_Tracking_TCs.TC_KPP_Update_Tracking_Invalid_Auth_Info -->
