<?xml version="1.0" encoding="UTF-8"?>
<!-- Generated by org.testng.reporters.JUnitReportReporter -->
<testsuite hostname="HCAH-L-PF19KTHT" failures="0" tests="2" name="CAS_API.KPP.Get_Questions_TCs.TC_KPP_Get_Questions_Invalid_Auth_Info" time="1.263" errors="0" timestamp="2021-03-02T18:49:51 IST" skipped="0">
  <testcase classname="CAS_API.KPP.Get_Questions_TCs.TC_KPP_Get_Questions_Invalid_Auth_Info" name="CheckKPPQuestionsResponseWithInvalidAuth" time="0.652"/>
  <system-out/>
  <testcase classname="CAS_API.KPP.Get_Questions_TCs.TC_KPP_Get_Questions_Invalid_Auth_Info" name="CheckKPPQuestionsResponseWithMissingAuth" time="0.611"/>
  <system-out/>
</testsuite> <!-- CAS_API.KPP.Get_Questions_TCs.TC_KPP_Get_Questions_Invalid_Auth_Info -->
