<?xml version="1.0" encoding="UTF-8"?>
<!-- Generated by org.testng.reporters.JUnitReportReporter -->
<testsuite hostname="HCAH-L-PF19KTHT" failures="0" tests="2" name="CAS_API.KPP.Post_Tracking_TCs.TC_KPP_Save_Tracking_Valid_Auth_Info" time="1.447" errors="0" timestamp="2021-03-02T18:49:51 IST" skipped="0">
  <testcase classname="CAS_API.KPP.Post_Tracking_TCs.TC_KPP_Save_Tracking_Valid_Auth_Info" name="CheckKPPSaveTrackingResponseWithValidAuth_ValidBody" time="0.697"/>
  <system-out/>
  <testcase classname="CAS_API.KPP.Post_Tracking_TCs.TC_KPP_Save_Tracking_Valid_Auth_Info" name="CheckKPPSaveTrackingResponseWithValidAuth_NoBody" time="0.750"/>
  <system-out/>
</testsuite> <!-- CAS_API.KPP.Post_Tracking_TCs.TC_KPP_Save_Tracking_Valid_Auth_Info -->
