<?xml version="1.0" encoding="UTF-8"?>
<!-- Generated by org.testng.reporters.JUnitReportReporter -->
<testsuite hostname="HCAH-L-PF19KTHT" failures="0" tests="4" name="CAS_API.Patient_Details.Patient_Login_TCs.TC_PatientLogin_Valid_Auth_And_Data_Info" time="4.525" errors="0" timestamp="2021-03-02T18:49:51 IST" skipped="0">
  <testcase classname="CAS_API.Patient_Details.Patient_Login_TCs.TC_PatientLogin_Valid_Auth_And_Data_Info" name="patientLogin_CheckResponseWithValidAuth_WithInvalidPayload_Invalid_ProgramID" time="0.923"/>
  <system-out/>
  <testcase classname="CAS_API.Patient_Details.Patient_Login_TCs.TC_PatientLogin_Valid_Auth_And_Data_Info" name="patientLogin_CheckResponseWithValidAuth_ValidPayload" time="1.788"/>
  <system-out/>
  <testcase classname="CAS_API.Patient_Details.Patient_Login_TCs.TC_PatientLogin_Valid_Auth_And_Data_Info" name="patientLogin_CheckResponseWithValidAuth_InvalidPayload_Missing_ProgramID" time="0.999"/>
  <system-out/>
  <testcase classname="CAS_API.Patient_Details.Patient_Login_TCs.TC_PatientLogin_Valid_Auth_And_Data_Info" name="patientLogin_CheckResponseWithValidAuth_WithInvalidPayload_Missing_DeviceInfo" time="0.815"/>
  <system-out/>
</testsuite> <!-- CAS_API.Patient_Details.Patient_Login_TCs.TC_PatientLogin_Valid_Auth_And_Data_Info -->
