<?xml version="1.0" encoding="UTF-8"?>
<!-- Generated by org.testng.reporters.JUnitReportReporter -->
<testsuite hostname="HCAH-L-PF19KTHT" failures="0" tests="3" name="CAS_API.Program_Enrollment.SectionQuestions_TCs.TC_EnrollmentQuestionSection_Valid_Auth_With_400_BadRequest_Info" time="1.917" errors="0" timestamp="2021-03-02T18:49:51 IST" skipped="0">
  <testcase classname="CAS_API.Program_Enrollment.SectionQuestions_TCs.TC_EnrollmentQuestionSection_Valid_Auth_With_400_BadRequest_Info" name="checkStatusCode" time="0.710"/>
  <system-out/>
  <testcase classname="CAS_API.Program_Enrollment.SectionQuestions_TCs.TC_EnrollmentQuestionSection_Valid_Auth_With_400_BadRequest_Info" name="checkResponseTags" time="0.617"/>
  <system-out/>
  <testcase classname="CAS_API.Program_Enrollment.SectionQuestions_TCs.TC_EnrollmentQuestionSection_Valid_Auth_With_400_BadRequest_Info" name="checkResponseHeaders" time="0.590"/>
  <system-out/>
</testsuite> <!-- CAS_API.Program_Enrollment.SectionQuestions_TCs.TC_EnrollmentQuestionSection_Valid_Auth_With_400_BadRequest_Info -->
