<?xml version="1.0" encoding="UTF-8"?>
<!-- Generated by org.testng.reporters.JUnitReportReporter -->
<testsuite hostname="HCAH-L-PF19KTHT" failures="0" tests="5" name="CAS_API.Cities_TCs.TC_City_Valid_Info" time="3.572" errors="0" timestamp="2021-02-25T09:39:26 IST" skipped="0">
  <testcase classname="CAS_API.Cities_TCs.TC_City_Valid_Info" name="checkResponseTagsValidation" time="0.669"/>
  <system-out/>
  <testcase classname="CAS_API.Cities_TCs.TC_City_Valid_Info" name="checkResponseKeys" time="0.612"/>
  <system-out/>
  <testcase classname="CAS_API.Cities_TCs.TC_City_Valid_Info" name="checkResponseHeaders" time="0.995"/>
  <system-out/>
  <testcase classname="CAS_API.Cities_TCs.TC_City_Valid_Info" name="checkReponseMessage" time="0.638"/>
  <system-out/>
  <testcase classname="CAS_API.Cities_TCs.TC_City_Valid_Info" name="checkStatusCode" time="0.658"/>
  <system-out/>
</testsuite> <!-- CAS_API.Cities_TCs.TC_City_Valid_Info -->
