<?xml version="1.0" encoding="UTF-8"?>
<!-- Generated by org.testng.reporters.JUnitReportReporter -->
<testsuite hostname="HCAH-L-PF19KTHT" failures="0" tests="1" name="CAS_API.Cities_TCs.TC_City_Valid_Auth_Info" time="0.781" errors="0" timestamp="2021-03-02T18:49:51 IST" skipped="0">
  <testcase classname="CAS_API.Cities_TCs.TC_City_Valid_Auth_Info" name="CheckCityResponseWithValidAuth" time="0.781"/>
  <system-out/>
</testsuite> <!-- CAS_API.Cities_TCs.TC_City_Valid_Auth_Info -->
