<?xml version="1.0" encoding="UTF-8"?>
<!-- Generated by org.testng.reporters.JUnitReportReporter -->
<testsuite hostname="HCAH-L-PF19KTHT" failures="0" tests="2" name="CAS_API.Patient_Details.ProfilePicture_TCs.TC_ProfilePicture_Invalid_Auth_Info" time="2.402" errors="0" timestamp="2021-03-02T18:49:51 IST" skipped="0">
  <testcase classname="CAS_API.Patient_Details.ProfilePicture_TCs.TC_ProfilePicture_Invalid_Auth_Info" name="UploadProfilePicture_CheckResponseWithInvalidAuth" time="1.231"/>
  <system-out/>
  <testcase classname="CAS_API.Patient_Details.ProfilePicture_TCs.TC_ProfilePicture_Invalid_Auth_Info" name="UploadProfilePicture_CheckResponseWithNoAuth" time="1.171"/>
  <system-out/>
</testsuite> <!-- CAS_API.Patient_Details.ProfilePicture_TCs.TC_ProfilePicture_Invalid_Auth_Info -->
