<?xml version="1.0" encoding="UTF-8"?>
<!-- Generated by org.testng.reporters.JUnitReportReporter -->
<testsuite hostname="HCAH-L-PF19KTHT" failures="0" tests="1" name="CAS_API.VerifyOTP_TCs.TC_VerifyOTP_Valid_Mobile_Invalid_OTP_Info" time="0.691" errors="0" timestamp="2021-03-02T18:49:51 IST" skipped="0">
  <testcase classname="CAS_API.VerifyOTP_TCs.TC_VerifyOTP_Valid_Mobile_Invalid_OTP_Info" name="CheckResponseWithValidMobile_InvalidOTP" time="0.691"/>
  <system-out/>
</testsuite> <!-- CAS_API.VerifyOTP_TCs.TC_VerifyOTP_Valid_Mobile_Invalid_OTP_Info -->
