<?xml version="1.0" encoding="UTF-8"?>
<!-- Generated by org.testng.reporters.JUnitReportReporter -->
<testsuite hostname="HCAH-L-PF19KTHT" failures="0" tests="2" name="CAS_API.Patient_Details.Patient_Login_TCs.TC_PatientLogin_Invalid_Auth_Valid_Data_Info" time="3.505" errors="0" timestamp="2021-02-25T12:55:18 IST" skipped="0">
  <testcase classname="CAS_API.Patient_Details.Patient_Login_TCs.TC_PatientLogin_Invalid_Auth_Valid_Data_Info" name="patientLoginWithInvalid_Auth_Valid_Payload" time="0.931"/>
  <system-out/>
  <testcase classname="CAS_API.Patient_Details.Patient_Login_TCs.TC_PatientLogin_Invalid_Auth_Valid_Data_Info" name="patientLoginWithInvalid_Auth_Invalid_Payload" time="2.574"/>
  <system-out/>
</testsuite> <!-- CAS_API.Patient_Details.Patient_Login_TCs.TC_PatientLogin_Invalid_Auth_Valid_Data_Info -->
