<?xml version="1.0" encoding="UTF-8"?>
<!-- Generated by org.testng.reporters.JUnitReportReporter -->
<testsuite hostname="HCAH-L-PF19KTHT" failures="0" tests="1" name="CAS_API.KPP.Get_Questions_TCs.TC_KPP_Save_Tracking_Valid_Auth_Info" time="2.870" errors="0" timestamp="2021-02-28T21:59:15 IST" skipped="0">
  <testcase classname="CAS_API.KPP.Get_Questions_TCs.TC_KPP_Save_Tracking_Valid_Auth_Info" name="CheckKPPSaveTrackingResponseWithValidAuth_NoBody" time="2.870"/>
  <system-out/>
</testsuite> <!-- CAS_API.KPP.Get_Questions_TCs.TC_KPP_Save_Tracking_Valid_Auth_Info -->
