<?xml version="1.0" encoding="UTF-8"?>
<!-- Generated by org.testng.reporters.JUnitReportReporter -->
<testsuite hostname="HCAH-L-PF19KTHT" failures="0" tests="1" name="CAS_API.Patient_Details.ProfilePicture_TCs.TC_ProfilePicture_Invalid_NoAuth_Info" time="2.661" errors="0" timestamp="2021-03-01T00:34:18 IST" skipped="0">
  <testcase classname="CAS_API.Patient_Details.ProfilePicture_TCs.TC_ProfilePicture_Invalid_NoAuth_Info" name="UploadProfilePicture_CheckResponseWithInvalidAuth" time="2.661"/>
  <system-out/>
</testsuite> <!-- CAS_API.Patient_Details.ProfilePicture_TCs.TC_ProfilePicture_Invalid_NoAuth_Info -->
