<?xml version="1.0" encoding="UTF-8"?>
<!-- Generated by org.testng.reporters.JUnitReportReporter -->
<testsuite hostname="HCAH-L-PF19KTHT" failures="0" tests="5" name="CAS_API.Program_Enrollment.DismissCard_TCs.TC_EnrollmentDismissCard_Valid_Auth_WithOut_Enrollment_Info" time="4.128" errors="0" timestamp="2021-02-25T17:06:44 IST" skipped="0">
  <testcase classname="CAS_API.Program_Enrollment.DismissCard_TCs.TC_EnrollmentDismissCard_Valid_Auth_WithOut_Enrollment_Info" name="checkResponseKeys" time="0.491"/>
  <system-out/>
  <testcase classname="CAS_API.Program_Enrollment.DismissCard_TCs.TC_EnrollmentDismissCard_Valid_Auth_WithOut_Enrollment_Info" name="checkResponseTagsValidation" time="0.738"/>
  <system-out/>
  <testcase classname="CAS_API.Program_Enrollment.DismissCard_TCs.TC_EnrollmentDismissCard_Valid_Auth_WithOut_Enrollment_Info" name="checkResponseHeaders" time="0.481"/>
  <system-out/>
  <testcase classname="CAS_API.Program_Enrollment.DismissCard_TCs.TC_EnrollmentDismissCard_Valid_Auth_WithOut_Enrollment_Info" name="checkReponseMessage" time="1.944"/>
  <system-out/>
  <testcase classname="CAS_API.Program_Enrollment.DismissCard_TCs.TC_EnrollmentDismissCard_Valid_Auth_WithOut_Enrollment_Info" name="checkStatusCode" time="0.474"/>
  <system-out/>
</testsuite> <!-- CAS_API.Program_Enrollment.DismissCard_TCs.TC_EnrollmentDismissCard_Valid_Auth_WithOut_Enrollment_Info -->
