<?xml version="1.0" encoding="UTF-8"?>
<!-- Generated by org.testng.reporters.JUnitReportReporter -->
<testsuite hostname="HCAH-L-PF19KTHT" failures="0" tests="2" name="CAS_API.Care_TCs.TC_Care_Lead_Valid_Auth_Info" time="5.062" errors="0" timestamp="2021-03-02T18:49:51 IST" skipped="0">
  <testcase classname="CAS_API.Care_TCs.TC_Care_Lead_Valid_Auth_Info" name="checkLeadResponseWithValidAuth_ValidPayload" time="4.243"/>
  <system-out/>
  <testcase classname="CAS_API.Care_TCs.TC_Care_Lead_Valid_Auth_Info" name="checkLeadResponseWithValidAuth_EmptyPayload" time="0.819"/>
  <system-out/>
</testsuite> <!-- CAS_API.Care_TCs.TC_Care_Lead_Valid_Auth_Info -->
