<?xml version="1.0" encoding="UTF-8"?>
<!-- Generated by org.testng.reporters.JUnitReportReporter -->
<testsuite hostname="HCAH-L-PF19KTHT" failures="0" tests="1" name="baseTest.BaseTest" time="0.841" errors="0" timestamp="2021-02-23T13:22:16 IST" skipped="0">
  <testcase classname="baseTest.BaseTest" name="baseTest" time="0.841"/>
  <system-out/>
</testsuite> <!-- baseTest.BaseTest -->
