<?xml version="1.0" encoding="UTF-8"?>
<!-- Generated by org.testng.reporters.JUnitReportReporter -->
<testsuite hostname="HCAH-L-PF19KTHT" failures="0" tests="2" name="CAS_API.Splash_TCs.TC_Splash_Invalid_Auth_Info" time="4.095" errors="0" timestamp="2021-03-02T12:37:42 IST" skipped="0">
  <testcase classname="CAS_API.Splash_TCs.TC_Splash_Invalid_Auth_Info" name="SplashScreen_CheckResponseWithInvalidAuth" time="3.267"/>
  <system-out/>
  <testcase classname="CAS_API.Splash_TCs.TC_Splash_Invalid_Auth_Info" name="SplashScreen_CheckResponseWithNoAuth" time="0.828"/>
  <system-out/>
</testsuite> <!-- CAS_API.Splash_TCs.TC_Splash_Invalid_Auth_Info -->
