<?xml version="1.0" encoding="UTF-8"?>
<!-- Generated by org.testng.reporters.JUnitReportReporter -->
<testsuite hostname="HCAH-L-PF19KTHT" failures="0" tests="1" name="CAS_API.SendOTP_TCs.TC_SendOTP_Valid_Mobile_Info" time="2.257" errors="0" timestamp="2021-03-02T18:49:51 IST" skipped="0">
  <testcase classname="CAS_API.SendOTP_TCs.TC_SendOTP_Valid_Mobile_Info" name="CheckResponseWithValidMobileNumber" time="2.257"/>
  <system-out/>
</testsuite> <!-- CAS_API.SendOTP_TCs.TC_SendOTP_Valid_Mobile_Info -->
