<?xml version="1.0" encoding="UTF-8"?>
<!-- Generated by org.testng.reporters.JUnitReportReporter -->
<testsuite hostname="HCAH-L-PF19KTHT" failures="0" tests="3" name="CAS_API.States_TCs.TC_States_Valid_Info" time="2.630" errors="0" timestamp="2021-02-23T19:30:40 IST" skipped="0">
  <testcase classname="CAS_API.States_TCs.TC_States_Valid_Info" name="checkResponseTags_TC_States_Valid_Info" time="0.854"/>
  <system-out/>
  <testcase classname="CAS_API.States_TCs.TC_States_Valid_Info" name="checkStatusCode_TC_States_Valid_Info" time="0.494"/>
  <system-out/>
  <testcase classname="CAS_API.States_TCs.TC_States_Valid_Info" name="checkResponseHeaders_TC_States_Valid_Info" time="1.282"/>
  <system-out/>
</testsuite> <!-- CAS_API.States_TCs.TC_States_Valid_Info -->
