<?xml version="1.0" encoding="UTF-8"?>
<!-- Generated by org.testng.reporters.JUnitReportReporter -->
<testsuite hostname="HCAH-L-PF19KTHT" failures="0" tests="2" name="CAS_API.Program_Enrollment.EnrollmentSection_TCs.TC_EnrollmentSection_NoAuth_Info" time="2.646" errors="0" timestamp="2021-03-01T01:15:10 IST" skipped="0">
  <testcase classname="CAS_API.Program_Enrollment.EnrollmentSection_TCs.TC_EnrollmentSection_NoAuth_Info" name="EnrollmentSection_CheckResponseWithNoAuth" time="0.404"/>
  <system-out/>
  <testcase classname="CAS_API.Program_Enrollment.EnrollmentSection_TCs.TC_EnrollmentSection_NoAuth_Info" name="EnrollmentSection_CheckResponseWithInvalidAuth" time="2.242"/>
  <system-out/>
</testsuite> <!-- CAS_API.Program_Enrollment.EnrollmentSection_TCs.TC_EnrollmentSection_NoAuth_Info -->
