<?xml version="1.0" encoding="UTF-8"?>
<!-- Generated by org.testng.reporters.JUnitReportReporter -->
<testsuite hostname="HCAH-L-PF19KTHT" failures="0" tests="3" name="CAS_API.Patient_Details.Patient_Complete_Profile_TCs.TC_Patient_Complete_Profile_Invalid_Auth_Info" time="2.198" errors="0" timestamp="2021-03-02T18:49:51 IST" skipped="0">
  <testcase classname="CAS_API.Patient_Details.Patient_Complete_Profile_TCs.TC_Patient_Complete_Profile_Invalid_Auth_Info" name="PostPatientCompleteProfile_CheckResponseWithNoAuth_ValidPayload" time="0.610"/>
  <system-out/>
  <testcase classname="CAS_API.Patient_Details.Patient_Complete_Profile_TCs.TC_Patient_Complete_Profile_Invalid_Auth_Info" name="PostPatientCompleteProfile_CheckResponseWithInvalidAuth_ValidPayload" time="0.979"/>
  <system-out/>
  <testcase classname="CAS_API.Patient_Details.Patient_Complete_Profile_TCs.TC_Patient_Complete_Profile_Invalid_Auth_Info" name="PostPatientCompleteProfile_CheckResponseWithInvalidAuth_InvalidPayload" time="0.609"/>
  <system-out/>
</testsuite> <!-- CAS_API.Patient_Details.Patient_Complete_Profile_TCs.TC_Patient_Complete_Profile_Invalid_Auth_Info -->
