<?xml version="1.0" encoding="UTF-8"?>
<!-- Generated by org.testng.reporters.JUnitReportReporter -->
<testsuite hostname="HCAH-L-PF19KTHT" failures="0" tests="3" name="CAS_API.Care_TCs.TC_Care_Lead_Invalid_Auth_Info" time="2.260" errors="0" timestamp="2021-03-02T18:49:51 IST" skipped="0">
  <testcase classname="CAS_API.Care_TCs.TC_Care_Lead_Invalid_Auth_Info" name="checkLeadResponseWithInvalidAuth_ValidPayload" time="0.615"/>
  <system-out/>
  <testcase classname="CAS_API.Care_TCs.TC_Care_Lead_Invalid_Auth_Info" name="checkLeadResponseWithNoAuth_ValidPayload" time="0.912"/>
  <system-out/>
  <testcase classname="CAS_API.Care_TCs.TC_Care_Lead_Invalid_Auth_Info" name="checkLeadResponseWithInvalidAuth_EmptyPayload" time="0.733"/>
  <system-out/>
</testsuite> <!-- CAS_API.Care_TCs.TC_Care_Lead_Invalid_Auth_Info -->
