<?xml version="1.0" encoding="UTF-8"?>
<!-- Generated by org.testng.reporters.JUnitReportReporter -->
<testsuite hostname="HCAH-L-PF19KTHT" failures="0" tests="2" name="CAS_API.Learning_Content_TCs.TC_Learning_Content_Valid_Auth_Info" time="1.408" errors="0" timestamp="2021-03-02T18:49:51 IST" skipped="0">
  <testcase classname="CAS_API.Learning_Content_TCs.TC_Learning_Content_Valid_Auth_Info" name="createLearningContent_CheckResponseWithValidPayload" time="0.773"/>
  <system-out/>
  <testcase classname="CAS_API.Learning_Content_TCs.TC_Learning_Content_Valid_Auth_Info" name="createLearningContent_CheckResponseWithEmptyPayload" time="0.635"/>
  <system-out/>
</testsuite> <!-- CAS_API.Learning_Content_TCs.TC_Learning_Content_Valid_Auth_Info -->
